<?xml version="1.0" encoding="UTF-8"?>
<testsuite name="com.assertj.Suburi" tests="1" skipped="0" failures="0" errors="0" timestamp="2021-02-23T13:49:09" hostname="smith.local" time="0.088">
  <properties/>
  <testcase name="listAdvanceAssertion()" classname="com.assertj.Suburi" time="0.088"/>
  <system-out><![CDATA[]]></system-out>
  <system-err><![CDATA[]]></system-err>
</testsuite>
